Using pre-set license

 COMMAND LINE ARGUMENTS:
/Applications/Unity/Hub/Editor/2020.3.0f1/Unity.app/Contents/MacOS/Unity
-adb2
-batchMode
-noUpm
-name
AssetImportWorker0
-projectPath
/Users/yhj/Documents/Unity/3_Roulette
-logFile
Logs/AssetImportWorker0.log
-srvPort
52555
Successfully changed project path to: /Users/yhj/Documents/Unity/3_Roulette
/Users/yhj/Documents/Unity/3_Roulette
Using Asset Import Pipeline V2.
Refreshing native plugins compatible for Editor in 22.09 ms, found 1 plugins.
Preloading 0 native plugins for Editor in 0.00 ms.
Initialize engine version: 2020.3.0f1 (c7b5465681fb)
[Subsystems] Discovering subsystems at path /Applications/Unity/Hub/Editor/2020.3.0f1/Unity.app/Contents/Resources/UnitySubsystems
[Subsystems] Discovering subsystems at path /Users/yhj/Documents/Unity/3_Roulette/Assets
GfxDevice: creating device client; threaded=0
2021-07-12 15:45:34.074 Unity[3721:153240] (null) preferred device: Apple M1 (high power)
2021-07-12 15:45:34.074 Unity[3721:153240] Metal devices available: 1
2021-07-12 15:45:34.074 Unity[3721:153240] 0: Apple M1 (high power)
2021-07-12 15:45:34.078 Unity[3721:153240] Using device Apple M1 (high power)
Initializing Metal device caps: Apple M1
Initialize mono
Mono path[0] = '/Applications/Unity/Hub/Editor/2020.3.0f1/Unity.app/Contents/Managed'
Mono path[1] = '/Applications/Unity/Hub/Editor/2020.3.0f1/Unity.app/Contents/MonoBleedingEdge/lib/mono/unityjit'
Mono config path = '/Applications/Unity/Hub/Editor/2020.3.0f1/Unity.app/Contents/MonoBleedingEdge/etc'
Using monoOptions --debugger-agent=transport=dt_socket,embedding=1,server=y,suspend=n,address=127.0.0.1:56721
Begin MonoManager ReloadAssembly
Registering precompiled unity dll's ...
Register platform support module: /Applications/Unity/Hub/Editor/2020.3.0f1/Unity.app/Contents/PlaybackEngines/MacStandaloneSupport/UnityEditor.OSXStandalone.Extensions.dll
Registered in 0.001765 seconds.
Native extension for OSXStandalone target not found
Refreshing native plugins compatible for Editor in 24.25 ms, found 1 plugins.
Preloading 0 native plugins for Editor in 0.00 ms.
Invoked RoslynAnalysisRunner static constructor.
RoslynAnalysisRunner will not be running.
RoslynAnalysisRunner has terminated.
Mono: successfully reloaded assembly
- Completed reload, in  2.420 seconds
Platform modules already initialized, skipping
Registering precompiled user dll's ...
Registered in 0.000672 seconds.
Begin MonoManager ReloadAssembly
Native extension for OSXStandalone target not found
Refreshing native plugins compatible for Editor in 0.19 ms, found 1 plugins.
Preloading 0 native plugins for Editor in 0.00 ms.
Invoked RoslynAnalysisRunner static constructor.
RoslynAnalysisRunner will not be running.
RoslynAnalysisRunner has terminated.
Mono: successfully reloaded assembly
- Completed reload, in  1.485 seconds
Platform modules already initialized, skipping
========================================================================
Worker process is ready to serve import requests
Launching external process: /Applications/Unity/Hub/Editor/2020.3.0f1/Unity.app/Contents/Tools/UnityShaderCompiler
Launched and connected shader compiler UnityShaderCompiler after 0.03 seconds
Refreshing native plugins compatible for Editor in 0.20 ms, found 1 plugins.
Preloading 0 native plugins for Editor in 0.00 ms.
Unloading 1189 Unused Serialized files (Serialized files now loaded: 0)
System memory in use before: 113.3 MB.
System memory in use after: 113.4 MB.

Unloading 13 unused Assets to reduce memory usage. Loaded Objects now: 1633.
Total: 1.338458 ms (FindLiveObjects: 0.125750 ms CreateObjectMapping: 0.025500 ms MarkObjects: 1.117417 ms  DeleteObjects: 0.069000 ms)

========================================================================
Received Import Request.
  path: Assets/needle.png
  artifactKey: Guid(082af5aa681a55845b5dc99d44747c9c) Importer(815301076,1909f56bfc062723c751e8b465ee728b)
Start importing Assets/needle.png using Guid(082af5aa681a55845b5dc99d44747c9c) Importer(815301076,1909f56bfc062723c751e8b465ee728b)  -> (artifact id: 'f99064a1c492dd2b5a2b99a08312ad43') in 0.729283 seconds
  Import took 0.731403 seconds .

========================================================================
Received Import Request.
  Time since last request: 0.000260 seconds.
  path: Assets/roulette.png
  artifactKey: Guid(a3fbde6f45977d4488ac38f0ef8a126f) Importer(815301076,1909f56bfc062723c751e8b465ee728b)
Start importing Assets/roulette.png using Guid(a3fbde6f45977d4488ac38f0ef8a126f) Importer(815301076,1909f56bfc062723c751e8b465ee728b)  -> (artifact id: '4ddea8362fd3f0173b75be34179e8144') in 0.016025 seconds
  Import took 0.017477 seconds .

