Using pre-set license

 COMMAND LINE ARGUMENTS:
/Applications/Unity/Hub/Editor/2020.3.0f1/Unity.app/Contents/MacOS/Unity
-adb2
-batchMode
-noUpm
-name
AssetImportWorker0
-projectPath
/Users/yhj/Documents/unity/Bamsongi
-logFile
Logs/AssetImportWorker0.log
-srvPort
55441
Successfully changed project path to: /Users/yhj/Documents/unity/Bamsongi
/Users/yhj/Documents/unity/Bamsongi
Using Asset Import Pipeline V2.
Refreshing native plugins compatible for Editor in 20.09 ms, found 1 plugins.
Preloading 0 native plugins for Editor in 0.00 ms.
Initialize engine version: 2020.3.0f1 (c7b5465681fb)
[Subsystems] Discovering subsystems at path /Applications/Unity/Hub/Editor/2020.3.0f1/Unity.app/Contents/Resources/UnitySubsystems
[Subsystems] Discovering subsystems at path /Users/yhj/Documents/unity/Bamsongi/Assets
GfxDevice: creating device client; threaded=0
2021-08-26 18:34:28.025 Unity[40429:797375] (null) preferred device: Apple M1 (high power)
2021-08-26 18:34:28.025 Unity[40429:797375] Metal devices available: 1
2021-08-26 18:34:28.025 Unity[40429:797375] 0: Apple M1 (high power)
2021-08-26 18:34:28.026 Unity[40429:797375] Using device Apple M1 (high power)
Initializing Metal device caps: Apple M1
Initialize mono
Mono path[0] = '/Applications/Unity/Hub/Editor/2020.3.0f1/Unity.app/Contents/Managed'
Mono path[1] = '/Applications/Unity/Hub/Editor/2020.3.0f1/Unity.app/Contents/MonoBleedingEdge/lib/mono/unityjit'
Mono config path = '/Applications/Unity/Hub/Editor/2020.3.0f1/Unity.app/Contents/MonoBleedingEdge/etc'
Using monoOptions --debugger-agent=transport=dt_socket,embedding=1,server=y,suspend=n,address=127.0.0.1:56429
Begin MonoManager ReloadAssembly
Registering precompiled unity dll's ...
Register platform support module: /Applications/Unity/Hub/Editor/2020.3.0f1/Unity.app/Contents/PlaybackEngines/MacStandaloneSupport/UnityEditor.OSXStandalone.Extensions.dll
Registered in 0.001959 seconds.
Native extension for OSXStandalone target not found
Refreshing native plugins compatible for Editor in 20.98 ms, found 1 plugins.
Preloading 0 native plugins for Editor in 0.00 ms.
Invoked RoslynAnalysisRunner static constructor.
RoslynAnalysisRunner will not be running.
RoslynAnalysisRunner has terminated.
Mono: successfully reloaded assembly
- Completed reload, in  2.250 seconds
Platform modules already initialized, skipping
Registering precompiled user dll's ...
Registered in 0.001229 seconds.
Begin MonoManager ReloadAssembly
Native extension for OSXStandalone target not found
Refreshing native plugins compatible for Editor in 0.18 ms, found 1 plugins.
Preloading 0 native plugins for Editor in 0.00 ms.
Invoked RoslynAnalysisRunner static constructor.
RoslynAnalysisRunner will not be running.
RoslynAnalysisRunner has terminated.
Mono: successfully reloaded assembly
- Completed reload, in  1.611 seconds
Platform modules already initialized, skipping
========================================================================
Worker process is ready to serve import requests
Launching external process: /Applications/Unity/Hub/Editor/2020.3.0f1/Unity.app/Contents/Tools/UnityShaderCompiler
Launched and connected shader compiler UnityShaderCompiler after 0.02 seconds
Refreshing native plugins compatible for Editor in 0.17 ms, found 1 plugins.
Preloading 0 native plugins for Editor in 0.00 ms.
Unloading 1113 Unused Serialized files (Serialized files now loaded: 0)
System memory in use before: 110.3 MB.
System memory in use after: 110.3 MB.

Unloading 10 unused Assets to reduce memory usage. Loaded Objects now: 1555.
Total: 1.185042 ms (FindLiveObjects: 0.118375 ms CreateObjectMapping: 0.023667 ms MarkObjects: 0.970375 ms  DeleteObjects: 0.072000 ms)

========================================================================
Received Import Request.
  path: Assets/bamsongi.fbx
  artifactKey: Guid(f773dac8f19264f7ca745e7515b9fbaf) Importer(815301076,1909f56bfc062723c751e8b465ee728b)
Start importing Assets/bamsongi.fbx using Guid(f773dac8f19264f7ca745e7515b9fbaf) Importer(815301076,1909f56bfc062723c751e8b465ee728b)  -> (artifact id: 'e01897af40b31a03885c32765f5eceef') in 1.338853 seconds
  Import took 1.340522 seconds .

========================================================================
Received Import Request.
  Time since last request: 0.000345 seconds.
  path: Assets/target.fbx
  artifactKey: Guid(68983d14483734d998280212f6617259) Importer(815301076,1909f56bfc062723c751e8b465ee728b)
Start importing Assets/target.fbx using Guid(68983d14483734d998280212f6617259) Importer(815301076,1909f56bfc062723c751e8b465ee728b)  -> (artifact id: 'bcb925593a6899e2f21509a5174cbebb') in 0.030854 seconds
  Import took 0.032524 seconds .

========================================================================
Received Prepare
Registering precompiled user dll's ...
Registered in 0.000340 seconds.
Begin MonoManager ReloadAssembly
Native extension for OSXStandalone target not found
Refreshing native plugins compatible for Editor in 0.18 ms, found 1 plugins.
Preloading 0 native plugins for Editor in 0.00 ms.
Invoked RoslynAnalysisRunner static constructor.
RoslynAnalysisRunner will not be running.
RoslynAnalysisRunner has terminated.
Mono: successfully reloaded assembly
- Completed reload, in  1.683 seconds
Platform modules already initialized, skipping
Switching build target platform(2) subTarget(0) extendedPlatform(0) -> platform(13) subTarget(537395200) extendedPlatform(0)
Refreshing native plugins compatible for Editor in 0.18 ms, found 1 plugins.
Preloading 0 native plugins for Editor in 0.00 ms.
Unloading 1112 Unused Serialized files (Serialized files now loaded: 0)
System memory in use before: 118.7 MB.
System memory in use after: 118.8 MB.

Unloading 5 unused Assets to reduce memory usage. Loaded Objects now: 1601.
Total: 1.206208 ms (FindLiveObjects: 0.175458 ms CreateObjectMapping: 0.023708 ms MarkObjects: 0.951625 ms  DeleteObjects: 0.054417 ms)

AssetImportParameters requested are different than current active one (requested -> active):
  custom:graphics/normal-map-encoding: 01000000000000000000000000000000 -> 02000000000000000000000000000000
========================================================================
Received Prepare
Refreshing native plugins compatible for Editor in 0.42 ms, found 1 plugins.
Preloading 0 native plugins for Editor in 0.00 ms.
Unloading 3 Unused Serialized files (Serialized files now loaded: 0)
System memory in use before: 96.9 MB.
System memory in use after: 96.9 MB.

Unloading 3 unused Assets to reduce memory usage. Loaded Objects now: 1601.
Total: 1.103750 ms (FindLiveObjects: 0.103250 ms CreateObjectMapping: 0.023208 ms MarkObjects: 0.929542 ms  DeleteObjects: 0.046917 ms)

========================================================================
Received Import Request.
  Time since last request: 713.433578 seconds.
  path: Assets/Scenes
  artifactKey: Guid(f2fabc37267004c00aca675aca271d4c) Importer(815301076,1909f56bfc062723c751e8b465ee728b)
Start importing Assets/Scenes using Guid(f2fabc37267004c00aca675aca271d4c) Importer(815301076,1909f56bfc062723c751e8b465ee728b)  -> (artifact id: '13b7053068a837847fba7bf7104a6681') in 0.005755 seconds
  Import took 0.010742 seconds .

