Using pre-set license

 COMMAND LINE ARGUMENTS:
/Applications/Unity/Hub/Editor/2020.3.0f1/Unity.app/Contents/MacOS/Unity
-adb2
-batchMode
-noUpm
-name
AssetImportWorker0
-projectPath
/Users/yhj/Documents/Unity/4_SwipeCar
-logFile
Logs/AssetImportWorker0.log
-srvPort
52704
Successfully changed project path to: /Users/yhj/Documents/Unity/4_SwipeCar
/Users/yhj/Documents/Unity/4_SwipeCar
Using Asset Import Pipeline V2.
Refreshing native plugins compatible for Editor in 22.44 ms, found 1 plugins.
Preloading 0 native plugins for Editor in 0.00 ms.
Initialize engine version: 2020.3.0f1 (c7b5465681fb)
[Subsystems] Discovering subsystems at path /Applications/Unity/Hub/Editor/2020.3.0f1/Unity.app/Contents/Resources/UnitySubsystems
[Subsystems] Discovering subsystems at path /Users/yhj/Documents/Unity/4_SwipeCar/Assets
GfxDevice: creating device client; threaded=0
2021-07-12 15:46:51.102 Unity[4161:157639] (null) preferred device: Apple M1 (high power)
2021-07-12 15:46:51.102 Unity[4161:157639] Metal devices available: 1
2021-07-12 15:46:51.102 Unity[4161:157639] 0: Apple M1 (high power)
2021-07-12 15:46:51.103 Unity[4161:157639] Using device Apple M1 (high power)
Initializing Metal device caps: Apple M1
Initialize mono
Mono path[0] = '/Applications/Unity/Hub/Editor/2020.3.0f1/Unity.app/Contents/Managed'
Mono path[1] = '/Applications/Unity/Hub/Editor/2020.3.0f1/Unity.app/Contents/MonoBleedingEdge/lib/mono/unityjit'
Mono config path = '/Applications/Unity/Hub/Editor/2020.3.0f1/Unity.app/Contents/MonoBleedingEdge/etc'
Using monoOptions --debugger-agent=transport=dt_socket,embedding=1,server=y,suspend=n,address=127.0.0.1:56161
Begin MonoManager ReloadAssembly
Registering precompiled unity dll's ...
Register platform support module: /Applications/Unity/Hub/Editor/2020.3.0f1/Unity.app/Contents/PlaybackEngines/MacStandaloneSupport/UnityEditor.OSXStandalone.Extensions.dll
Registered in 0.001572 seconds.
Native extension for OSXStandalone target not found
Refreshing native plugins compatible for Editor in 23.42 ms, found 1 plugins.
Preloading 0 native plugins for Editor in 0.00 ms.
Invoked RoslynAnalysisRunner static constructor.
RoslynAnalysisRunner will not be running.
RoslynAnalysisRunner has terminated.
Mono: successfully reloaded assembly
- Completed reload, in  2.394 seconds
Platform modules already initialized, skipping
Registering precompiled user dll's ...
Registered in 0.000798 seconds.
Begin MonoManager ReloadAssembly
Native extension for OSXStandalone target not found
Refreshing native plugins compatible for Editor in 0.24 ms, found 1 plugins.
Preloading 0 native plugins for Editor in 0.00 ms.
Invoked RoslynAnalysisRunner static constructor.
RoslynAnalysisRunner will not be running.
RoslynAnalysisRunner has terminated.
Mono: successfully reloaded assembly
- Completed reload, in  1.594 seconds
Platform modules already initialized, skipping
========================================================================
Worker process is ready to serve import requests
Launching external process: /Applications/Unity/Hub/Editor/2020.3.0f1/Unity.app/Contents/Tools/UnityShaderCompiler
Launched and connected shader compiler UnityShaderCompiler after 0.03 seconds
Refreshing native plugins compatible for Editor in 0.20 ms, found 1 plugins.
Preloading 0 native plugins for Editor in 0.00 ms.
Unloading 1190 Unused Serialized files (Serialized files now loaded: 0)
System memory in use before: 113.4 MB.
System memory in use after: 113.5 MB.

Unloading 13 unused Assets to reduce memory usage. Loaded Objects now: 1635.
Total: 1.373458 ms (FindLiveObjects: 0.141750 ms CreateObjectMapping: 0.025000 ms MarkObjects: 1.130416 ms  DeleteObjects: 0.075292 ms)

========================================================================
Received Import Request.
  path: Assets/flag.png
  artifactKey: Guid(e27f17d143787bc4581de4c61970c728) Importer(815301076,1909f56bfc062723c751e8b465ee728b)
Start importing Assets/flag.png using Guid(e27f17d143787bc4581de4c61970c728) Importer(815301076,1909f56bfc062723c751e8b465ee728b)  -> (artifact id: '32f850c2460da54e3cc62e66f6b7b510') in 0.635189 seconds
  Import took 0.637238 seconds .

========================================================================
Received Import Request.
  Time since last request: 0.000277 seconds.
  path: Assets/ground.png
  artifactKey: Guid(4cf3c768360a5a543a4ac5a230258ca6) Importer(815301076,1909f56bfc062723c751e8b465ee728b)
Start importing Assets/ground.png using Guid(4cf3c768360a5a543a4ac5a230258ca6) Importer(815301076,1909f56bfc062723c751e8b465ee728b)  -> (artifact id: 'cf5f6a518a7f2f6c9a7cd38ecb0e78a7') in 0.011522 seconds
  Import took 0.012970 seconds .

========================================================================
Received Import Request.
  Time since last request: 0.000181 seconds.
  path: Assets/car_se.mp3
  artifactKey: Guid(efc4fab901d3eb94aabc5376c7e8abe3) Importer(815301076,1909f56bfc062723c751e8b465ee728b)
Start importing Assets/car_se.mp3 using Guid(efc4fab901d3eb94aabc5376c7e8abe3) Importer(815301076,1909f56bfc062723c751e8b465ee728b)  -> (artifact id: '906ca64e2a8409c8a413953871c7146d') in 0.661091 seconds
  Import took 0.662549 seconds .

========================================================================
Received Import Request.
  Time since last request: 0.000265 seconds.
  path: Assets/car.png
  artifactKey: Guid(307820a74a46185408815adbf0f0df78) Importer(815301076,1909f56bfc062723c751e8b465ee728b)
Start importing Assets/car.png using Guid(307820a74a46185408815adbf0f0df78) Importer(815301076,1909f56bfc062723c751e8b465ee728b)  -> (artifact id: 'e9af12404b37a8fec6940558160cb909') in 0.009513 seconds
  Import took 0.010924 seconds .

========================================================================
Received Import Request.
  Time since last request: 0.000204 seconds.
  path: Assets/BGM.mp3
  artifactKey: Guid(82213846c816cd043829fc93923d5c4a) Importer(815301076,1909f56bfc062723c751e8b465ee728b)
Start importing Assets/BGM.mp3 using Guid(82213846c816cd043829fc93923d5c4a) Importer(815301076,1909f56bfc062723c751e8b465ee728b)  -> (artifact id: '142ff2a9e9c6da3153c669637df81a86') in 0.008950 seconds
  Import took 0.010353 seconds .

