Using pre-set license

 COMMAND LINE ARGUMENTS:
/Applications/Unity/Hub/Editor/2020.3.0f1/Unity.app/Contents/MacOS/Unity
-adb2
-batchMode
-noUpm
-name
AssetImportWorker0
-projectPath
/Users/yhj/Documents/unity/4_SwipeCar
-logFile
Logs/AssetImportWorker0.log
-srvPort
55264
Successfully changed project path to: /Users/yhj/Documents/unity/4_SwipeCar
/Users/yhj/Documents/unity/4_SwipeCar
Using Asset Import Pipeline V2.
Refreshing native plugins compatible for Editor in 21.73 ms, found 1 plugins.
Preloading 0 native plugins for Editor in 0.00 ms.
Initialize engine version: 2020.3.0f1 (c7b5465681fb)
[Subsystems] Discovering subsystems at path /Applications/Unity/Hub/Editor/2020.3.0f1/Unity.app/Contents/Resources/UnitySubsystems
[Subsystems] Discovering subsystems at path /Users/yhj/Documents/unity/4_SwipeCar/Assets
GfxDevice: creating device client; threaded=0
2021-08-26 18:23:07.159 Unity[39979:787184] (null) preferred device: Apple M1 (high power)
2021-08-26 18:23:07.159 Unity[39979:787184] Metal devices available: 1
2021-08-26 18:23:07.159 Unity[39979:787184] 0: Apple M1 (high power)
2021-08-26 18:23:07.159 Unity[39979:787184] Using device Apple M1 (high power)
Initializing Metal device caps: Apple M1
Initialize mono
Mono path[0] = '/Applications/Unity/Hub/Editor/2020.3.0f1/Unity.app/Contents/Managed'
Mono path[1] = '/Applications/Unity/Hub/Editor/2020.3.0f1/Unity.app/Contents/MonoBleedingEdge/lib/mono/unityjit'
Mono config path = '/Applications/Unity/Hub/Editor/2020.3.0f1/Unity.app/Contents/MonoBleedingEdge/etc'
Using monoOptions --debugger-agent=transport=dt_socket,embedding=1,server=y,suspend=n,address=127.0.0.1:56979
Begin MonoManager ReloadAssembly
Registering precompiled unity dll's ...
Register platform support module: /Applications/Unity/Hub/Editor/2020.3.0f1/Unity.app/Contents/PlaybackEngines/MacStandaloneSupport/UnityEditor.OSXStandalone.Extensions.dll
Registered in 0.001920 seconds.
Native extension for OSXStandalone target not found
Refreshing native plugins compatible for Editor in 22.72 ms, found 1 plugins.
Preloading 0 native plugins for Editor in 0.00 ms.
Invoked RoslynAnalysisRunner static constructor.
RoslynAnalysisRunner will not be running.
RoslynAnalysisRunner has terminated.
Mono: successfully reloaded assembly
- Completed reload, in  2.149 seconds
Platform modules already initialized, skipping
Registering precompiled user dll's ...
Registered in 0.000652 seconds.
Begin MonoManager ReloadAssembly
Native extension for OSXStandalone target not found
Refreshing native plugins compatible for Editor in 0.20 ms, found 1 plugins.
Preloading 0 native plugins for Editor in 0.00 ms.
Invoked RoslynAnalysisRunner static constructor.
RoslynAnalysisRunner will not be running.
RoslynAnalysisRunner has terminated.
Mono: successfully reloaded assembly
- Completed reload, in  1.548 seconds
Platform modules already initialized, skipping
========================================================================
Worker process is ready to serve import requests
Launching external process: /Applications/Unity/Hub/Editor/2020.3.0f1/Unity.app/Contents/Tools/UnityShaderCompiler
Launched and connected shader compiler UnityShaderCompiler after 0.03 seconds
Refreshing native plugins compatible for Editor in 0.20 ms, found 1 plugins.
Preloading 0 native plugins for Editor in 0.00 ms.
Unloading 1190 Unused Serialized files (Serialized files now loaded: 0)
System memory in use before: 113.6 MB.
System memory in use after: 113.6 MB.

Unloading 13 unused Assets to reduce memory usage. Loaded Objects now: 1635.
Total: 1.338833 ms (FindLiveObjects: 0.116875 ms CreateObjectMapping: 0.026375 ms MarkObjects: 1.119708 ms  DeleteObjects: 0.074958 ms)

========================================================================
Received Import Request.
  path: Assets/GameDirector.cs
  artifactKey: Guid(d96e1282c81c84c4e8a670ae431d0c6d) Importer(815301076,1909f56bfc062723c751e8b465ee728b)
Start importing Assets/GameDirector.cs using Guid(d96e1282c81c84c4e8a670ae431d0c6d) Importer(815301076,1909f56bfc062723c751e8b465ee728b)  -> (artifact id: '3a4ccdf1ad7e598219e2618bffaba679') in 0.223424 seconds
  Import took 0.225856 seconds .

========================================================================
Received Import Request.
  Time since last request: 2.619899 seconds.
  path: Assets/CarController.cs
  artifactKey: Guid(d844d5642890f5b41ab2eb4a342981f0) Importer(815301076,1909f56bfc062723c751e8b465ee728b)
Start importing Assets/CarController.cs using Guid(d844d5642890f5b41ab2eb4a342981f0) Importer(815301076,1909f56bfc062723c751e8b465ee728b)  -> (artifact id: '567fe209f109afe6ebb499ffea526549') in 0.003372 seconds
  Import took 0.006620 seconds .

========================================================================
Received Import Request.
  Time since last request: 0.003338 seconds.
  path: Assets/CarController.cs
  artifactKey: Guid(d844d5642890f5b41ab2eb4a342981f0) Importer(815301076,1909f56bfc062723c751e8b465ee728b)
Start importing Assets/CarController.cs using Guid(d844d5642890f5b41ab2eb4a342981f0) Importer(815301076,1909f56bfc062723c751e8b465ee728b)  -> (artifact id: '567fe209f109afe6ebb499ffea526549') in 0.002348 seconds
  Import took 0.004589 seconds .

========================================================================
Received Prepare
Registering precompiled user dll's ...
Registered in 0.000693 seconds.
Begin MonoManager ReloadAssembly
Native extension for OSXStandalone target not found
Refreshing native plugins compatible for Editor in 0.21 ms, found 1 plugins.
Preloading 0 native plugins for Editor in 0.00 ms.
Invoked RoslynAnalysisRunner static constructor.
RoslynAnalysisRunner will not be running.
RoslynAnalysisRunner has terminated.
Mono: successfully reloaded assembly
- Completed reload, in  1.569 seconds
Platform modules already initialized, skipping
Switching build target platform(2) subTarget(0) extendedPlatform(0) -> platform(13) subTarget(537395200) extendedPlatform(0)
Refreshing native plugins compatible for Editor in 0.19 ms, found 1 plugins.
Preloading 0 native plugins for Editor in 0.00 ms.
Unloading 1188 Unused Serialized files (Serialized files now loaded: 0)
System memory in use before: 117.9 MB.
System memory in use after: 117.9 MB.

Unloading 4 unused Assets to reduce memory usage. Loaded Objects now: 1638.
Total: 1.283833 ms (FindLiveObjects: 0.081375 ms CreateObjectMapping: 0.025542 ms MarkObjects: 1.165334 ms  DeleteObjects: 0.010834 ms)

AssetImportParameters requested are different than current active one (requested -> active):
  custom:graphics/normal-map-encoding: 01000000000000000000000000000000 -> 02000000000000000000000000000000
