Using pre-set license

 COMMAND LINE ARGUMENTS:
/Applications/Unity/Hub/Editor/2020.3.0f1/Unity.app/Contents/MacOS/Unity
-adb2
-batchMode
-noUpm
-name
AssetImportWorker0
-projectPath
/Users/yhj/Documents/Unity/5_CatEscape
-logFile
Logs/AssetImportWorker0.log
-srvPort
58615
Successfully changed project path to: /Users/yhj/Documents/Unity/5_CatEscape
/Users/yhj/Documents/Unity/5_CatEscape
Using Asset Import Pipeline V2.
Refreshing native plugins compatible for Editor in 22.99 ms, found 1 plugins.
Preloading 0 native plugins for Editor in 0.00 ms.
Initialize engine version: 2020.3.0f1 (c7b5465681fb)
[Subsystems] Discovering subsystems at path /Applications/Unity/Hub/Editor/2020.3.0f1/Unity.app/Contents/Resources/UnitySubsystems
[Subsystems] Discovering subsystems at path /Users/yhj/Documents/Unity/5_CatEscape/Assets
GfxDevice: creating device client; threaded=0
2021-06-07 13:59:54.527 Unity[4773:141410] (null) preferred device: Apple M1 (high power)
2021-06-07 13:59:54.527 Unity[4773:141410] Metal devices available: 1
2021-06-07 13:59:54.527 Unity[4773:141410] 0: Apple M1 (high power)
2021-06-07 13:59:54.527 Unity[4773:141410] Using device Apple M1 (high power)
Initializing Metal device caps: Apple M1
Initialize mono
Mono path[0] = '/Applications/Unity/Hub/Editor/2020.3.0f1/Unity.app/Contents/Managed'
Mono path[1] = '/Applications/Unity/Hub/Editor/2020.3.0f1/Unity.app/Contents/MonoBleedingEdge/lib/mono/unityjit'
Mono config path = '/Applications/Unity/Hub/Editor/2020.3.0f1/Unity.app/Contents/MonoBleedingEdge/etc'
Using monoOptions --debugger-agent=transport=dt_socket,embedding=1,server=y,suspend=n,address=127.0.0.1:56773
Begin MonoManager ReloadAssembly
Registering precompiled unity dll's ...
Register platform support module: /Applications/Unity/Hub/Editor/2020.3.0f1/Unity.app/Contents/PlaybackEngines/MacStandaloneSupport/UnityEditor.OSXStandalone.Extensions.dll
Registered in 0.002772 seconds.
Native extension for OSXStandalone target not found
Refreshing native plugins compatible for Editor in 24.43 ms, found 1 plugins.
Preloading 0 native plugins for Editor in 0.00 ms.
Invoked RoslynAnalysisRunner static constructor.
RoslynAnalysisRunner will not be running.
RoslynAnalysisRunner has terminated.
Mono: successfully reloaded assembly
- Completed reload, in  2.134 seconds
Platform modules already initialized, skipping
Registering precompiled user dll's ...
Registered in 0.000648 seconds.
Begin MonoManager ReloadAssembly
Native extension for OSXStandalone target not found
Refreshing native plugins compatible for Editor in 0.18 ms, found 1 plugins.
Preloading 0 native plugins for Editor in 0.00 ms.
Invoked RoslynAnalysisRunner static constructor.
RoslynAnalysisRunner will not be running.
RoslynAnalysisRunner has terminated.
Mono: successfully reloaded assembly
- Completed reload, in  1.482 seconds
Platform modules already initialized, skipping
========================================================================
Worker process is ready to serve import requests
Launching external process: /Applications/Unity/Hub/Editor/2020.3.0f1/Unity.app/Contents/Tools/UnityShaderCompiler
Launched and connected shader compiler UnityShaderCompiler after 0.02 seconds
Refreshing native plugins compatible for Editor in 0.18 ms, found 1 plugins.
Preloading 0 native plugins for Editor in 0.00 ms.
Unloading 1196 Unused Serialized files (Serialized files now loaded: 0)
System memory in use before: 113.2 MB.
System memory in use after: 113.3 MB.

Unloading 13 unused Assets to reduce memory usage. Loaded Objects now: 1641.
Total: 1.337166 ms (FindLiveObjects: 0.138583 ms CreateObjectMapping: 0.025292 ms MarkObjects: 1.111959 ms  DeleteObjects: 0.060416 ms)

========================================================================
Received Import Request.
  path: Assets/RButton.png
  artifactKey: Guid(87c1ce8b33d130444b42b0be7032fb6f) Importer(815301076,1909f56bfc062723c751e8b465ee728b)
Start importing Assets/RButton.png using Guid(87c1ce8b33d130444b42b0be7032fb6f) Importer(815301076,1909f56bfc062723c751e8b465ee728b)  -> (artifact id: '800bb1f92b642110298c22be267fcb42') in 0.739068 seconds
  Import took 0.741034 seconds .

========================================================================
Received Import Request.
  Time since last request: 0.000259 seconds.
  path: Assets/arrowG.png
  artifactKey: Guid(294a8f5915c6ea449b87ade21bc08c55) Importer(815301076,1909f56bfc062723c751e8b465ee728b)
Start importing Assets/arrowG.png using Guid(294a8f5915c6ea449b87ade21bc08c55) Importer(815301076,1909f56bfc062723c751e8b465ee728b)  -> (artifact id: '5f2074967b462647a227457d8bd80c1d') in 0.011584 seconds
  Import took 0.013030 seconds .

========================================================================
Received Import Request.
  Time since last request: 0.000275 seconds.
  path: Assets/arrowPrefabG.prefab
  artifactKey: Guid(faea2dd8b130f7748817ff0f2c7be0a6) Importer(815301076,1909f56bfc062723c751e8b465ee728b)
Start importing Assets/arrowPrefabG.prefab using Guid(faea2dd8b130f7748817ff0f2c7be0a6) Importer(815301076,1909f56bfc062723c751e8b465ee728b)  -> (artifact id: '55a89b11bab2e34c3d9d98c0f9bbd011') in 0.478334 seconds
  Import took 0.479970 seconds .

========================================================================
Received Import Request.
  Time since last request: 0.000242 seconds.
  path: Assets/background.png
  artifactKey: Guid(172b49a46c7539a4f8a0c6adb8809155) Importer(815301076,1909f56bfc062723c751e8b465ee728b)
Start importing Assets/background.png using Guid(172b49a46c7539a4f8a0c6adb8809155) Importer(815301076,1909f56bfc062723c751e8b465ee728b)  -> (artifact id: 'd9d145c0ead20dce3223e272655dff4b') in 0.007440 seconds
  Import took 0.008863 seconds .

========================================================================
Received Import Request.
  Time since last request: 0.000245 seconds.
  path: Assets/11. ÀÓ½Ã ³ë·¡(ACE ¼öÁ¤).mp3
  artifactKey: Guid(cee7eaa76399d574780b12a3763591cc) Importer(815301076,1909f56bfc062723c751e8b465ee728b)
Start importing Assets/11. ÀÓ½Ã ³ë·¡(ACE ¼öÁ¤).mp3 using Guid(cee7eaa76399d574780b12a3763591cc) Importer(815301076,1909f56bfc062723c751e8b465ee728b)  -> (artifact id: '3db7f3d393a157a6ce62082c9acc628c') in 0.542377 seconds
  Import took 0.543841 seconds .

========================================================================
Received Import Request.
  Time since last request: 0.000330 seconds.
  path: Assets/arrowPrefabR.prefab
  artifactKey: Guid(d7943b01a7d59e0468426ae9277f3176) Importer(815301076,1909f56bfc062723c751e8b465ee728b)
Start importing Assets/arrowPrefabR.prefab using Guid(d7943b01a7d59e0468426ae9277f3176) Importer(815301076,1909f56bfc062723c751e8b465ee728b)  -> (artifact id: '718d1faafa4a23e75c8a65e22ade0f82') in 0.009380 seconds
  Import took 0.010897 seconds .

========================================================================
Received Import Request.
  Time since last request: 0.000262 seconds.
  path: Assets/player.png
  artifactKey: Guid(b77c52e7aa31f1f4ea9da3464daaea99) Importer(815301076,1909f56bfc062723c751e8b465ee728b)
Start importing Assets/player.png using Guid(b77c52e7aa31f1f4ea9da3464daaea99) Importer(815301076,1909f56bfc062723c751e8b465ee728b)  -> (artifact id: 'c037ebcef376ea8a4fee5032f954a548') in 0.008491 seconds
  Import took 0.010122 seconds .

========================================================================
Received Import Request.
  Time since last request: 0.000357 seconds.
  path: Assets/player2.png
  artifactKey: Guid(86dd00680e92ef349856130924df7f1c) Importer(815301076,1909f56bfc062723c751e8b465ee728b)
Start importing Assets/player2.png using Guid(86dd00680e92ef349856130924df7f1c) Importer(815301076,1909f56bfc062723c751e8b465ee728b)  -> (artifact id: 'd9e08b3831c946ce3d4f708f07d83e3a') in 0.009838 seconds
  Import took 0.011241 seconds .

========================================================================
Received Import Request.
  Time since last request: 0.000305 seconds.
  path: Assets/wall.png
  artifactKey: Guid(80adf53bb69e5284ab5fdf48dbb742e0) Importer(815301076,1909f56bfc062723c751e8b465ee728b)
Start importing Assets/wall.png using Guid(80adf53bb69e5284ab5fdf48dbb742e0) Importer(815301076,1909f56bfc062723c751e8b465ee728b)  -> (artifact id: 'dddba4b5ef94387b62da7b82fd83c9f6') in 0.008140 seconds
  Import took 0.009529 seconds .

========================================================================
Received Import Request.
  Time since last request: 0.000381 seconds.
  path: Assets/arrow.png
  artifactKey: Guid(a6603abcffc407841a0e8af274141160) Importer(815301076,1909f56bfc062723c751e8b465ee728b)
Start importing Assets/arrow.png using Guid(a6603abcffc407841a0e8af274141160) Importer(815301076,1909f56bfc062723c751e8b465ee728b)  -> (artifact id: 'f0717d1290d7f0a67d64357085e8d9b6') in 0.012498 seconds
  Import took 0.013927 seconds .

========================================================================
Received Import Request.
  Time since last request: 0.000200 seconds.
  path: Assets/arrowPrefab.prefab
  artifactKey: Guid(73282ac711d5e1b42ac89559888e0d98) Importer(815301076,1909f56bfc062723c751e8b465ee728b)
Start importing Assets/arrowPrefab.prefab using Guid(73282ac711d5e1b42ac89559888e0d98) Importer(815301076,1909f56bfc062723c751e8b465ee728b)  -> (artifact id: '451fa581df9d2de564d8ba720d3daa10') in 0.006449 seconds
  Import took 0.008034 seconds .

========================================================================
Received Import Request.
  Time since last request: 0.000238 seconds.
  path: Assets/LButton.png
  artifactKey: Guid(f71bef8934ebb9f42807a9693263b919) Importer(815301076,1909f56bfc062723c751e8b465ee728b)
Start importing Assets/LButton.png using Guid(f71bef8934ebb9f42807a9693263b919) Importer(815301076,1909f56bfc062723c751e8b465ee728b)  -> (artifact id: 'bcaf6d88693856e09b96c0bd81335a09') in 0.008969 seconds
  Import took 0.010528 seconds .

========================================================================
Received Import Request.
  Time since last request: 0.000206 seconds.
  path: Assets/arrowR.png
  artifactKey: Guid(54515411ef0d4ae4bb60b3035b43f136) Importer(815301076,1909f56bfc062723c751e8b465ee728b)
Start importing Assets/arrowR.png using Guid(54515411ef0d4ae4bb60b3035b43f136) Importer(815301076,1909f56bfc062723c751e8b465ee728b)  -> (artifact id: '83af4a794e7b80f4112ca5d209b5662a') in 0.008357 seconds
  Import took 0.009891 seconds .

========================================================================
Received Import Request.
  Time since last request: 0.000230 seconds.
  path: Assets/hp_gage.png
  artifactKey: Guid(c242e7ecd75206346aadae6cd8ec8ab1) Importer(815301076,1909f56bfc062723c751e8b465ee728b)
Start importing Assets/hp_gage.png using Guid(c242e7ecd75206346aadae6cd8ec8ab1) Importer(815301076,1909f56bfc062723c751e8b465ee728b)  -> (artifact id: '343b48b885a381b564fcd313ac4223f6') in 0.008645 seconds
  Import took 0.010176 seconds .

========================================================================
Received Import Request.
  Time since last request: 0.000238 seconds.
  path: Assets/player3.png
  artifactKey: Guid(475e86ee0e8be484c893a676af45f9ef) Importer(815301076,1909f56bfc062723c751e8b465ee728b)
Start importing Assets/player3.png using Guid(475e86ee0e8be484c893a676af45f9ef) Importer(815301076,1909f56bfc062723c751e8b465ee728b)  -> (artifact id: 'f55213a4171572d2e0a5f96804240390') in 0.008075 seconds
  Import took 0.009590 seconds .

========================================================================
Received Import Request.
  Time since last request: 0.000380 seconds.
  path: Assets/ground.png
  artifactKey: Guid(2b2b5cdbcd84e5742b0a9717bf24536d) Importer(815301076,1909f56bfc062723c751e8b465ee728b)
Start importing Assets/ground.png using Guid(2b2b5cdbcd84e5742b0a9717bf24536d) Importer(815301076,1909f56bfc062723c751e8b465ee728b)  -> (artifact id: 'fcd2ac39de1579e5ae9870dd4f3c7c8a') in 0.006221 seconds
  Import took 0.007618 seconds .

========================================================================
Received Import Request.
  Time since last request: 0.036839 seconds.
  path: Assets/hp_gage.png
  artifactKey: Guid(c242e7ecd75206346aadae6cd8ec8ab1) Importer(815301076,1909f56bfc062723c751e8b465ee728b)
Start importing Assets/hp_gage.png using Guid(c242e7ecd75206346aadae6cd8ec8ab1) Importer(815301076,1909f56bfc062723c751e8b465ee728b)  -> (artifact id: '343b48b885a381b564fcd313ac4223f6') in 0.009621 seconds
  Import took 0.011600 seconds .

========================================================================
Received Prepare
Registering precompiled user dll's ...
Registered in 0.000562 seconds.
Begin MonoManager ReloadAssembly
Native extension for OSXStandalone target not found
Refreshing native plugins compatible for Editor in 0.18 ms, found 1 plugins.
Preloading 0 native plugins for Editor in 0.00 ms.
Invoked RoslynAnalysisRunner static constructor.
RoslynAnalysisRunner will not be running.
RoslynAnalysisRunner has terminated.
Mono: successfully reloaded assembly
- Completed reload, in  1.432 seconds
Platform modules already initialized, skipping
Switching build target platform(2) subTarget(0) extendedPlatform(0) -> platform(13) subTarget(537395200) extendedPlatform(0)
Refreshing native plugins compatible for Editor in 0.17 ms, found 1 plugins.
Preloading 0 native plugins for Editor in 0.00 ms.
Unloading 1194 Unused Serialized files (Serialized files now loaded: 0)
System memory in use before: 129.8 MB.
System memory in use after: 129.9 MB.

Unloading 4 unused Assets to reduce memory usage. Loaded Objects now: 1665.
Total: 1.130125 ms (FindLiveObjects: 0.099125 ms CreateObjectMapping: 0.024166 ms MarkObjects: 0.994167 ms  DeleteObjects: 0.011833 ms)

AssetImportParameters requested are different than current active one (requested -> active):
  custom:graphics/normal-map-encoding: 01000000000000000000000000000000 -> 02000000000000000000000000000000
